<?xml version="1.0" encoding="UTF-8"?>
<!-- Generated by org.testng.reporters.JUnitReportReporter -->
<testsuite skipped="0" hostname="HIGURP78024" name="com.snapdeal.testcases.HomePageTest" tests="3" failures="0" timestamp="2020-03-30T15:16:33 IST" time="19.817" errors="0">
  <testcase name="validatePageTitle" time="0.020" classname="com.snapdeal.testcases.HomePageTest"/>
  <testcase name="validateTag" time="2.054" classname="com.snapdeal.testcases.HomePageTest"/>
  <testcase name="selectProduct" time="17.743" classname="com.snapdeal.testcases.HomePageTest"/>
</testsuite> <!-- com.snapdeal.testcases.HomePageTest -->
