<?xml version="1.0" encoding="UTF-8"?>
<!-- Generated by org.testng.reporters.JUnitReportReporter -->
<testsuite skipped="0" hostname="HIGURP78024" name="com.snapdeal.testcases.LoginTest" tests="3" failures="0" timestamp="2020-03-30T15:16:33 IST" time="29.297" errors="0">
  <testcase name="checkScrollDown" time="1.794" classname="com.snapdeal.testcases.LoginTest"/>
  <testcase name="validateTitle" time="0.062" classname="com.snapdeal.testcases.LoginTest"/>
  <testcase name="validateUserLogin" time="27.441" classname="com.snapdeal.testcases.LoginTest"/>
</testsuite> <!-- com.snapdeal.testcases.LoginTest -->
