<?xml version="1.0" encoding="UTF-8"?>
<!-- Generated by org.testng.reporters.JUnitReportReporter -->
<testsuite skipped="0" hostname="HIGURP78024" name="com.snapdeal.testcases.ProductTest" tests="1" failures="0" timestamp="2020-03-30T15:16:33 IST" time="8.634" errors="0">
  <testcase name="addingInCart" time="8.634" classname="com.snapdeal.testcases.ProductTest"/>
</testsuite> <!-- com.snapdeal.testcases.ProductTest -->
