<?xml version="1.0" encoding="UTF-8"?>
<!-- Generated by org.testng.reporters.JUnitReportReporter -->
<testsuite skipped="0" hostname="HIGURP78024" name="com.snapdeal.testcases.LoginTest" tests="3" failures="0" timestamp="2020-03-30T14:05:41 IST" time="8.273" errors="0">
  <testcase name="checkScrollDown" time="2.047" classname="com.snapdeal.testcases.LoginTest"/>
  <testcase name="validateTitle" time="0.061" classname="com.snapdeal.testcases.LoginTest"/>
  <testcase name="validateUserLogin" time="6.165" classname="com.snapdeal.testcases.LoginTest"/>
</testsuite> <!-- com.snapdeal.testcases.LoginTest -->
