<?xml version="1.0" encoding="UTF-8"?>
<!-- Generated by org.testng.reporters.JUnitReportReporter -->
<testsuite skipped="0" hostname="HIGURP78024" name="com.snapdeal.testcases.ProfileUpdateTest" tests="1" failures="0" timestamp="2020-03-27T19:11:15 IST" time="1.260" errors="0">
  <testcase name="addressUpdate" time="1.260" classname="com.snapdeal.testcases.ProfileUpdateTest"/>
</testsuite> <!-- com.snapdeal.testcases.ProfileUpdateTest -->
