<?xml version="1.0" encoding="UTF-8"?>
<!-- Generated by org.testng.reporters.JUnitReportReporter -->
<testsuite skipped="0" hostname="HIGURP78024" name="com.snapdeal.testcases.ProductTest" tests="2" failures="0" timestamp="2020-03-27T15:58:06 IST" time="16.177" errors="0">
  <testcase name="addingInCart" time="9.312" classname="com.snapdeal.testcases.ProductTest"/>
  <testcase name="addingInCart" time="6.865" classname="com.snapdeal.testcases.ProductTest"/>
</testsuite> <!-- com.snapdeal.testcases.ProductTest -->
