<?xml version="1.0" encoding="UTF-8"?>
<!-- Generated by org.testng.reporters.JUnitReportReporter -->
<testsuite skipped="3" hostname="HIGURP78024" name="com.snapdeal.testcases.LoginTest" tests="3" failures="0" timestamp="2020-03-26T13:14:37 IST" time="0.000" errors="0">
  <testcase name="checkScrollDown" time="0.000" classname="com.snapdeal.testcases.LoginTest">
    <skipped/>
  </testcase> <!-- checkScrollDown -->
  <system-out/>
  <testcase name="validateTitle" time="0.000" classname="com.snapdeal.testcases.LoginTest">
    <skipped/>
  </testcase> <!-- validateTitle -->
  <system-out/>
  <testcase name="validateUserLogin" time="0.000" classname="com.snapdeal.testcases.LoginTest">
    <skipped/>
  </testcase> <!-- validateUserLogin -->
  <system-out/>
</testsuite> <!-- com.snapdeal.testcases.LoginTest -->
