<?xml version="1.0" encoding="UTF-8"?>
<!-- Generated by org.testng.reporters.JUnitReportReporter -->
<testsuite skipped="1" hostname="HIGURP78024" name="com.snapdeal.testcases.ProductTest" tests="1" failures="0" timestamp="2020-03-26T13:14:37 IST" time="0.000" errors="0">
  <testcase name="addingInCart" time="0.000" classname="com.snapdeal.testcases.ProductTest">
    <skipped/>
  </testcase> <!-- addingInCart -->
  <system-out/>
</testsuite> <!-- com.snapdeal.testcases.ProductTest -->
